<?xml version="1.0" encoding="UTF-8"?>
<testng-results skipped="0" failed="0" ignored="0" total="1" passed="1">
  <reporter-output>
  </reporter-output>
  <suite name="Suite" duration-ms="13656" started-at="2018-11-07T15:16:58Z" finished-at="2018-11-07T15:17:12Z">
    <groups>
    </groups>
    <test name="Test" duration-ms="13656" started-at="2018-11-07T15:16:58Z" finished-at="2018-11-07T15:17:12Z">
      <class name="com.weigthwatchers.QuestionTwo">
        <test-method status="PASS" signature="setUp()[pri:0, instance:com.weigthwatchers.QuestionTwo@5b275dab]" name="setUp" is-config="true" duration-ms="7825" started-at="2018-11-07T15:16:58Z" finished-at="2018-11-07T15:17:06Z">
          <reporter-output>
          </reporter-output>
        </test-method> <!-- setUp -->
        <test-method status="PASS" signature="Question2Test()[pri:0, instance:com.weigthwatchers.QuestionTwo@5b275dab]" name="Question2Test" duration-ms="5237" started-at="2018-11-07T15:17:06Z" finished-at="2018-11-07T15:17:11Z">
          <reporter-output>
          </reporter-output>
        </test-method> <!-- Question2Test -->
        <test-method status="PASS" signature="tearDownTest()[pri:0, instance:com.weigthwatchers.QuestionTwo@5b275dab]" name="tearDownTest" is-config="true" duration-ms="567" started-at="2018-11-07T15:17:11Z" finished-at="2018-11-07T15:17:12Z">
          <reporter-output>
          </reporter-output>
        </test-method> <!-- tearDownTest -->
      </class> <!-- com.weigthwatchers.QuestionTwo -->
    </test> <!-- Test -->
  </suite> <!-- Suite -->
</testng-results>
